<?xml version="1.0" encoding="UTF-8"?>
<testng-results ignored="0" total="1" passed="1" failed="0" skipped="0">
  <reporter-output>
  </reporter-output>
  <suite started-at="2024-08-09T12:07:29 IST" name="Default suite" finished-at="2024-08-09T12:07:41 IST" duration-ms="12069">
    <groups>
    </groups>
    <test started-at="2024-08-09T12:07:29 IST" name="Default test" finished-at="2024-08-09T12:07:41 IST" duration-ms="12069">
      <class name="extentRepoters.ToAddScreenShotIntoReport">
        <test-method signature="addScreenshot()[pri:0, instance:extentRepoters.ToAddScreenShotIntoReport@4550bb58]" started-at="2024-08-09T12:07:29 IST" name="addScreenshot" finished-at="2024-08-09T12:07:41 IST" duration-ms="12030" status="PASS">
          <reporter-output>
          </reporter-output>
        </test-method> <!-- addScreenshot -->
      </class> <!-- extentRepoters.ToAddScreenShotIntoReport -->
    </test> <!-- Default test -->
  </suite> <!-- Default suite -->
</testng-results>
