<?xml version="1.0" encoding="UTF-8"?>
<!-- Generated by org.testng.reporters.JUnitXMLReporter -->
<testsuite ignored="2" hostname="Tushar" failures="0" tests="2" name="Test" time="7.154" errors="0" timestamp="2024-07-30T13:55:08 IST">
  <testcase classname="bikes.YamahaTest" name="YamahaLaunch" time="4.211"/>
  <testcase classname="bikes.BajajTest" name="BajajLaunch" time="2.904"/>
  <testcase classname="bikes.RoyalEnfieldTest" name="launchRoyalEnfield" time="0.0">
    <ignored/>
  </testcase> <!-- launchRoyalEnfield -->
  <testcase classname="bikes.HarleyDavidSonTest" name="HarleyLaunch" time="0.0">
    <ignored/>
  </testcase> <!-- HarleyLaunch -->
</testsuite> <!-- Test -->
